<?xml version="1.0" encoding="UTF-8"?>
<testng-results ignored="0" total="2" passed="2" failed="0" skipped="0">
  <reporter-output>
  </reporter-output>
  <suite started-at="2020-12-19T12:35:19 IST" name="Suite" finished-at="2020-12-19T12:36:03 IST" duration-ms="44713">
    <groups>
    </groups>
    <test started-at="2020-12-19T12:35:19 IST" name="Test" finished-at="2020-12-19T12:36:03 IST" duration-ms="44713">
      <class name="docker_grid.DockerFirefoxTest1">
        <test-method signature="dockerFirefox1()[pri:0, instance:docker_grid.DockerFirefoxTest1@5939a379]" started-at="2020-12-19T12:35:39 IST" name="dockerFirefox1" finished-at="2020-12-19T12:35:53 IST" duration-ms="14309" status="PASS">
          <reporter-output>
          </reporter-output>
        </test-method> <!-- dockerFirefox1 -->
      </class> <!-- docker_grid.DockerFirefoxTest1 -->
      <class name="docker_grid.DockerStartStop">
        <test-method is-config="true" signature="startDocker()[pri:0, instance:docker_grid.DockerStartStop@2beee7ff]" started-at="2020-12-19T12:35:19 IST" name="startDocker" finished-at="2020-12-19T12:35:39 IST" duration-ms="20034" status="PASS">
          <reporter-output>
          </reporter-output>
        </test-method> <!-- startDocker -->
        <test-method is-config="true" signature="stopDocker()[pri:0, instance:docker_grid.DockerStartStop@2beee7ff]" started-at="2020-12-19T12:35:53 IST" name="stopDocker" finished-at="2020-12-19T12:36:03 IST" duration-ms="10257" status="PASS">
          <reporter-output>
          </reporter-output>
        </test-method> <!-- stopDocker -->
      </class> <!-- docker_grid.DockerStartStop -->
      <class name="docker_grid.DockerChromeTest3">
        <test-method signature="dockerChrome3()[pri:0, instance:docker_grid.DockerChromeTest3@5136d012]" started-at="2020-12-19T12:35:39 IST" name="dockerChrome3" finished-at="2020-12-19T12:35:46 IST" duration-ms="6586" status="PASS">
          <reporter-output>
          </reporter-output>
        </test-method> <!-- dockerChrome3 -->
      </class> <!-- docker_grid.DockerChromeTest3 -->
    </test> <!-- Test -->
  </suite> <!-- Suite -->
</testng-results>
